<?xml version="1.0" encoding="utf-8"?>
<TestRun id="847615f2-6097-4724-ba8c-bee04760ecb0" name="Admin@DESKTOP-LPPJAF5 2025-04-09 23:33:37" runUser="DESKTOP-LPPJAF5\Admin" xmlns="http://microsoft.com/schemas/VisualStudio/TeamTest/2010">
  <Times creation="2025-04-09T23:33:37.3730734+05:30" queuing="2025-04-09T23:33:37.3730738+05:30" start="2025-04-09T23:31:35.9710593+05:30" finish="2025-04-09T23:33:37.3929304+05:30" />
  <TestSettings name="default" id="8e92d8ec-0ca2-4170-bea8-6c1c5aac11fa">
    <Deployment runDeploymentRoot="Admin_DESKTOP-LPPJAF5_2025-04-09_23_33_37" />
  </TestSettings>
  <Results>
    <UnitTestResult executionId="6634d9af-243a-45ae-bca9-f8de64c5148b" testId="225d9c04-f1df-f878-9f9f-b0d1ffafa550" testName="SuccessfulLoginWithValidCredentials" computerName="DESKTOP-LPPJAF5" duration="00:01:45.9890240" startTime="2025-04-09T23:31:50.3971094+05:30" endTime="2025-04-09T23:33:36.3859853+05:30" testType="13cdc9d9-ddb5-4fa4-a97d-d965ccfc6d4b" outcome="Passed" testListId="8c84fa94-04c1-424b-9868-57a2d4851a1d" relativeResultsDirectory="6634d9af-243a-45ae-bca9-f8de64c5148b">
      <Output>
        <StdOut>Given I navigate to the login page&#xD;
-&gt; done: LoginSteps.GivenINavigateToTheLoginPage() (15.9s)&#xD;
When I login with username "standard_user" and password "secret_sauce"&#xD;
-&gt; done: LoginSteps.WhenILoginWithUsernameAndPassword("standard_user", "secret_sauce") (5.6s)&#xD;
Then I should be redirected to the inventory page&#xD;
-&gt; done: LoginSteps.ThenIShouldBeRedirectedToTheInventoryPage() (0.1s)</StdOut>
      </Output>
    </UnitTestResult>
  </Results>
  <TestDefinitions>
    <UnitTest name="SuccessfulLoginWithValidCredentials" storage="c:\users\admin\specflowseleniumdemo\bddtestframework\bin\debug\net6.0\bddtestframework.dll" id="225d9c04-f1df-f878-9f9f-b0d1ffafa550">
      <Execution id="6634d9af-243a-45ae-bca9-f8de64c5148b" />
      <TestMethod codeBase="C:\Users\Admin\SpecFlowSeleniumDemo\BDDTestFramework\bin\Debug\net6.0\BDDTestFramework.dll" adapterTypeName="executor://nunit3testexecutor/" className="BDDTestFramework.Features.SauceDemoLoginFeature" name="SuccessfulLoginWithValidCredentials" />
    </UnitTest>
  </TestDefinitions>
  <TestEntries>
    <TestEntry testId="225d9c04-f1df-f878-9f9f-b0d1ffafa550" executionId="6634d9af-243a-45ae-bca9-f8de64c5148b" testListId="8c84fa94-04c1-424b-9868-57a2d4851a1d" />
  </TestEntries>
  <TestLists>
    <TestList name="Results Not in a List" id="8c84fa94-04c1-424b-9868-57a2d4851a1d" />
    <TestList name="All Loaded Results" id="19431567-8539-422a-85d7-44ee4e166bda" />
  </TestLists>
  <ResultSummary outcome="Completed">
    <Counters total="1" executed="1" passed="1" failed="0" error="0" timeout="0" aborted="0" inconclusive="0" passedButRunAborted="0" notRunnable="0" notExecuted="0" disconnected="0" warning="0" completed="0" inProgress="0" pending="0" />
    <Output>
      <StdOut>NUnit Adapter 4.2.0.0: Test execution started&#xD;
Running all tests in C:\Users\Admin\SpecFlowSeleniumDemo\BDDTestFramework\bin\Debug\net6.0\BDDTestFramework.dll&#xD;
   NUnit3TestExecutor discovered 1 of 1 NUnit test cases using Current Discovery mode, Non-Explicit run&#xD;
NUnit Adapter 4.2.0.0: Test execution complete&#xD;
</StdOut>
    </Output>
    <RunInfos>
      <RunInfo computerName="DESKTOP-LPPJAF5" outcome="Warning" timestamp="2025-04-09T23:33:36.4878888+05:30">
        <Text>Given I navigate to the login page&#xD;
-&gt; done: LoginSteps.GivenINavigateToTheLoginPage() (15.9s)&#xD;
When I login with username "standard_user" and password "secret_sauce"&#xD;
-&gt; done: LoginSteps.WhenILoginWithUsernameAndPassword("standard_user", "secret_sauce") (5.6s)&#xD;
Then I should be redirected to the inventory page&#xD;
-&gt; done: LoginSteps.ThenIShouldBeRedirectedToTheInventoryPage() (0.1s)&#xD;
</Text>
      </RunInfo>
    </RunInfos>
  </ResultSummary>
</TestRun>